Address     Code        Basic                        Line Source

4194304  0x0fc10297  auipc x5,64528               47       la   x5, data_start
4194308  0x00028293  addi x5,x5,0                      
4194312  0x0002a083  lw x1,0(x5)                  51       lw x1, 0(x5)     # x1 = 1
4194316  0x0042a103  lw x2,4(x5)                  52       lw x2, 4(x5)     # x2 = 2
4194320  0x0082a183  lw x3,8(x5)                  53       lw x3, 8(x5)     # x3 = 3
4194324  0x00c2a203  lw x4,12(x5)                 54       lw x4, 12(x5)    # x4 = 4
4194328  0x0142a303  lw x6,20(x5)                 56       lw x6, 20(x5)    # x6 = 6
4194332  0x0182a383  lw x7,24(x5)                 57       lw x7, 24(x5)    # x7 = 7
4194336  0x01c2a403  lw x8,28(x5)                 58       lw x8, 28(x5)    # x8 = 8
4194340  0x0202a483  lw x9,32(x5)                 59       lw x9, 32(x5)    # x9 = 9
4194344  0x0242a503  lw x10,36(x5)                60       lw x10, 36(x5)   # x10 = 10
4194348  0x0282a583  lw x11,40(x5)                61       lw x11, 40(x5)   # x11 = 11
4194352  0x02c2a603  lw x12,44(x5)                62       lw x12, 44(x5)   # x12 = 12
4194356  0x0302a683  lw x13,48(x5)                63       lw x13, 48(x5)   # x13 = 13
4194360  0x0342a703  lw x14,52(x5)                64       lw x14, 52(x5)   # x14 = 14
4194364  0x0382a783  lw x15,56(x5)                65       lw x15, 56(x5)   # x15 = 15
4194368  0x03c2a803  lw x16,60(x5)                66       lw x16, 60(x5)   # x16 = 16
4194372  0x0402a883  lw x17,64(x5)                67       lw x17, 64(x5)   # x17 = 17
4194376  0x0442a903  lw x18,68(x5)                68       lw x18, 68(x5)   # x18 = 18
4194380  0x0482a983  lw x19,72(x5)                69       lw x19, 72(x5)   # x19 = 19
4194384  0x04c2aa03  lw x20,76(x5)                70       lw x20, 76(x5)   # x20 = 20
4194388  0x0502aa83  lw x21,80(x5)                71       lw x21, 80(x5)   # x21 = 21
4194392  0x0542ab03  lw x22,84(x5)                72       lw x22, 84(x5)   # x22 = 22
4194396  0x0582ab83  lw x23,88(x5)                73       lw x23, 88(x5)   # x23 = 23
4194400  0x05c2ac03  lw x24,92(x5)                74       lw x24, 92(x5)   # x24 = 24
4194404  0x0602ac83  lw x25,96(x5)                75       lw x25, 96(x5)   # x25 = 25
4194408  0x0642ad03  lw x26,100(x5)               76       lw x26, 100(x5)  # x26 = 26
4194412  0x0682ad83  lw x27,104(x5)               77       lw x27, 104(x5)  # x27 = 27
4194416  0x06c2ae03  lw x28,108(x5)               78       lw x28, 108(x5)  # x28 = 28
4194420  0x0702ae83  lw x29,112(x5)               79       lw x29, 112(x5)  # x29 = 29
4194424  0x0742af03  lw x30,116(x5)               80       lw x30, 116(x5)  # x30 = 30
4194428  0x0782af83  lw x31,120(x5)               81       lw x31, 120(x5)  # x31 = 31
4194432  0x0102a283  lw x5,16(x5)                 82       lw x5, 16(x5)    # x5 = 5 (reloading x5 since it was our base pointer)
4194436  0x002083b3  add x7,x1,x2                 87       add  x7, x1, x2
4194440  0x40430433  sub x8,x6,x4                 90       sub  x8, x6, x4
4194444  0x002195b3  sll x11,x3,x2                93       sll  x11, x3, x2
4194448  0x0020a633  slt x12,x1,x2                96       slt  x12, x1, x2
4194452  0x01f0b733  sltu x14,x1,x31              100      sltu x14, x1, x31
4194456  0x00a4c7b3  xor x15,x9,x10               103      xor  x15, x9, x10
4194460  0x002858b3  srl x17,x16,x2               106      srl  x17, x16, x2
4194464  0x402959b3  sra x19,x18,x2               109      sra  x19, x18, x2
4194468  0x00a4ea33  or x20,x9,x10                112      or   x20, x9, x10
4194472  0x00a4fab3  and x21,x9,x10               115      and  x21, x9, x10
4194476  0x00a00513  addi x10,x0,10               118      li   a0, 10          # Load exit code 10 into a0 (aliased to x10)
4194480  0x00000073  ecall                        119      ecall                # Make system call to terminate
